<?xml version="1.0" encoding="UTF-8"?>
<!-- Generated by org.testng.reporters.JUnitReportReporter -->
<testsuite skipped="0" hostname="Rajesh-PC" name="day44.LoginTests" tests="3" failures="0" timestamp="30 May 2025 06:36:08 GMT" time="0.026" errors="0">
  <testcase name="loginByEmail" time="0.022" classname="day44.LoginTests"/>
  <testcase name="loginByFacebook" time="0.002" classname="day44.LoginTests"/>
  <testcase name="loginByTwitter" time="0.002" classname="day44.LoginTests"/>
</testsuite> <!-- day44.LoginTests -->
