<?xml version="1.0" encoding="UTF-8"?>
<!-- Generated by org.testng.reporters.JUnitReportReporter -->
<testsuite skipped="0" hostname="Rajesh-PC" name="day43.Assertions_Demo" tests="1" failures="0" timestamp="28 May 2025 10:40:03 GMT" time="0.016" errors="0">
  <testcase name="testTitle" time="0.016" classname="day43.Assertions_Demo"/>
</testsuite> <!-- day43.Assertions_Demo -->
