<?xml version="1.0" encoding="UTF-8"?>
<!-- Generated by org.testng.reporters.JUnitReportReporter -->
<testsuite skipped="0" hostname="Rajesh-PC" name="day43.Annotations_Demo2" tests="2" failures="0" timestamp="28 May 2025 10:20:45 GMT" time="0.009" errors="0">
  <testcase name="f" time="0.002" classname="day43.Annotations_Demo2"/>
  <testcase name="f" time="0.007" classname="day43.Annotations_Demo2"/>
</testsuite> <!-- day43.Annotations_Demo2 -->
