<?xml version="1.0" encoding="UTF-8"?>
<!-- Generated by org.testng.reporters.JUnitReportReporter -->
<testsuite skipped="0" hostname="Rajesh-PC" name="day44.paymentTests" tests="3" failures="0" timestamp="30 May 2025 06:36:08 GMT" time="0.006" errors="0">
  <testcase name="PaymentInRupees" time="0.002" classname="day44.paymentTests"/>
  <testcase name="PaymentInDollers" time="0.002" classname="day44.paymentTests"/>
  <testcase name="PaymentInPounds" time="0.002" classname="day44.paymentTests"/>
</testsuite> <!-- day44.paymentTests -->
