<?xml version="1.0" encoding="UTF-8"?>
<!-- Generated by org.testng.reporters.JUnitReportReporter -->
<testsuite skipped="0" hostname="Rajesh-PC" name="day43.Annotations_Demo" tests="2" failures="0" timestamp="28 May 2025 10:20:45 GMT" time="0.005" errors="0">
  <testcase name="AdvancedSearchmethod" time="0.003" classname="day43.Annotations_Demo"/>
  <testcase name="searchmethod" time="0.002" classname="day43.Annotations_Demo"/>
</testsuite> <!-- day43.Annotations_Demo -->
