<?xml version="1.0" encoding="UTF-8"?>
<!-- Generated by org.testng.reporters.JUnitReportReporter -->
<testsuite skipped="0" hostname="Rajesh-PC" name="day43.Annotation_Demo3" tests="1" failures="0" timestamp="28 May 2025 10:20:45 GMT" time="0.008" errors="0">
  <testcase name="Suite" time="0.008" classname="day43.Annotation_Demo3"/>
</testsuite> <!-- day43.Annotation_Demo3 -->
