<?xml version="1.0" encoding="UTF-8"?>
<!-- Generated by org.testng.reporters.JUnitReportReporter -->
<testsuite skipped="0" hostname="Rajesh-PC" name="day43.BeforeAfter" tests="2" failures="0" timestamp="28 May 2025 10:20:45 GMT" time="0.008" errors="0">
  <testcase name="searchclass" time="0.004" classname="day43.BeforeAfter"/>
  <testcase name="AdvancedSearchclass" time="0.004" classname="day43.BeforeAfter"/>
</testsuite> <!-- day43.BeforeAfter -->
