<?xml version="1.0" encoding="UTF-8"?>
<!-- Generated by org.testng.reporters.JUnitReportReporter -->
<testsuite skipped="0" hostname="Rajesh-PC" name="day44.SignUpTest" tests="3" failures="0" timestamp="08 Jun 2025 05:49:42 GMT" time="0.027" errors="0">
  <testcase name="SignupByEmail" time="0.023" classname="day44.SignUpTest"/>
  <testcase name="SignupByFacebook" time="0.002" classname="day44.SignUpTest"/>
  <testcase name="SignupByTwitter" time="0.002" classname="day44.SignUpTest"/>
</testsuite> <!-- day44.SignUpTest -->
