<?xml version="1.0" encoding="UTF-8"?>
<!-- Generated by org.testng.reporters.JUnitReportReporter -->
<testsuite skipped="0" hostname="Rajesh-PC" name="day42_01.First_TestNG" tests="3" failures="0" timestamp="27 May 2025 11:15:06 GMT" time="0.022" errors="0">
  <testcase name="login" time="0.017" classname="day42_01.First_TestNG"/>
  <testcase name="logout" time="0.002" classname="day42_01.First_TestNG"/>
  <testcase name="openApplication" time="0.003" classname="day42_01.First_TestNG"/>
</testsuite> <!-- day42_01.First_TestNG -->
