<?xml version="1.0" encoding="UTF-8"?>
<!-- Generated by org.testng.reporters.JUnitReportReporter -->
<testsuite skipped="0" hostname="Rajesh-PC" name="day47.LoginTest" tests="1" failures="0" timestamp="04 Jun 2025 11:22:21 GMT" time="23.047" errors="0">
  <testcase name="testLogin" time="23.047" classname="day47.LoginTest"/>
</testsuite> <!-- day47.LoginTest -->
