<?xml version="1.0" encoding="UTF-8"?>
<!-- Generated by org.testng.reporters.JUnitReportReporter -->
<testsuite skipped="0" hostname="Rajesh-PC" name="day42_01.Second_TestNG" tests="4" failures="0" timestamp="27 May 2025 11:15:06 GMT" time="30.555" errors="0">
  <testcase name="openapp" time="8.705" classname="day42_01.Second_TestNG"/>
  <testcase name="testlogo" time="5.147" classname="day42_01.Second_TestNG"/>
  <testcase name="login" time="4.704" classname="day42_01.Second_TestNG"/>
  <testcase name="logout" time="11.999" classname="day42_01.Second_TestNG"/>
</testsuite> <!-- day42_01.Second_TestNG -->
