<?xml version="1.0" encoding="UTF-8"?>
<!-- Generated by org.testng.reporters.JUnitReportReporter -->
<testsuite skipped="0" hostname="Rajesh-PC" name="day45.DataProviders" tests="2" failures="0" timestamp="02 Jun 2025 08:19:44 GMT" time="9.767" errors="0">
  <testcase name="testLogin" time="6.532" classname="day45.DataProviders"/>
  <testcase name="testLogin" time="3.235" classname="day45.DataProviders"/>
</testsuite> <!-- day45.DataProviders -->
